Build started 9/24/2020 1:54:36 AM.
     1>Project "D:\de escape\iGraphics Project\iGraphics Project\iGraphics Project.vcxproj" on node 2 (build target(s)).
     1>InitializeBuildStatus:
         Creating "Debug\iGraphics Project.unsuccessfulbuild" because "AlwaysCreate" was specified.
       ClCompile:
         C:\Program Files (x86)\Microsoft Visual Studio 10.0\VC\bin\CL.exe /c /ZI /nologo /W3 /WX- /Od /Oy- /D _MBCS /Gm /EHsc /RTC1 /MDd /GS /fp:precise /Zc:wchar_t /Zc:forScope /Fo"Debug\\" /Fd"Debug\vc100.pdb" /Gd /TP /analyze- /errorReport:prompt game.cpp
         game.cpp
     1>d:\de escape\igraphics project\igraphics project\game.cpp(622): warning C4996: 'strcpy': This function or variable may be unsafe. Consider using strcpy_s instead. To disable deprecation, use _CRT_SECURE_NO_WARNINGS. See online help for details.
                 c:\program files (x86)\microsoft visual studio 10.0\vc\include\string.h(105) : see declaration of 'strcpy'
     1>d:\de escape\igraphics project\igraphics project\game.cpp(624): warning C4996: 'fopen': This function or variable may be unsafe. Consider using fopen_s instead. To disable deprecation, use _CRT_SECURE_NO_WARNINGS. See online help for details.
                 c:\program files (x86)\microsoft visual studio 10.0\vc\include\stdio.h(234) : see declaration of 'fopen'
     1>d:\de escape\igraphics project\igraphics project\game.cpp(626): warning C4996: 'strcpy': This function or variable may be unsafe. Consider using strcpy_s instead. To disable deprecation, use _CRT_SECURE_NO_WARNINGS. See online help for details.
                 c:\program files (x86)\microsoft visual studio 10.0\vc\include\string.h(105) : see declaration of 'strcpy'
     1>d:\de escape\igraphics project\igraphics project\game.cpp(646): warning C4996: 'strcpy': This function or variable may be unsafe. Consider using strcpy_s instead. To disable deprecation, use _CRT_SECURE_NO_WARNINGS. See online help for details.
                 c:\program files (x86)\microsoft visual studio 10.0\vc\include\string.h(105) : see declaration of 'strcpy'
     1>d:\de escape\igraphics project\igraphics project\game.cpp(924): warning C4996: 'fopen': This function or variable may be unsafe. Consider using fopen_s instead. To disable deprecation, use _CRT_SECURE_NO_WARNINGS. See online help for details.
                 c:\program files (x86)\microsoft visual studio 10.0\vc\include\stdio.h(234) : see declaration of 'fopen'
     1>d:\de escape\igraphics project\igraphics project\game.cpp(927): warning C4996: 'fscanf': This function or variable may be unsafe. Consider using fscanf_s instead. To disable deprecation, use _CRT_SECURE_NO_WARNINGS. See online help for details.
                 c:\program files (x86)\microsoft visual studio 10.0\vc\include\stdio.h(253) : see declaration of 'fscanf'
     1>d:\de escape\igraphics project\igraphics project\game.cpp(1096): warning C4789: destination of memory copy is too small
     1>d:\de escape\igraphics project\igraphics project\game.cpp(1097): warning C4789: destination of memory copy is too small
     1>d:\de escape\igraphics project\igraphics project\game.cpp(1098): warning C4789: destination of memory copy is too small
     1>d:\de escape\igraphics project\igraphics project\game.cpp(1099): warning C4789: destination of memory copy is too small
       Link:
         C:\Program Files (x86)\Microsoft Visual Studio 10.0\VC\bin\link.exe /ERRORREPORT:PROMPT /OUT:"D:\de escape\iGraphics Project\Debug\iGraphics Project.exe" /NOLOGO kernel32.lib user32.lib gdi32.lib winspool.lib comdlg32.lib advapi32.lib shell32.lib ole32.lib oleaut32.lib uuid.lib odbc32.lib odbccp32.lib /MANIFEST /ManifestFile:"Debug\iGraphics Project.exe.intermediate.manifest" /MANIFESTUAC:"level='asInvoker' uiAccess='false'" /DEBUG /PDB:"D:\de escape\iGraphics Project\Debug\iGraphics Project.pdb" /TLBID:1 /DYNAMICBASE /NXCOMPAT /IMPLIB:"D:\de escape\iGraphics Project\Debug\iGraphics Project.lib" /MACHINE:X86 Debug\game.obj
         LINK : D:\de escape\iGraphics Project\Debug\iGraphics Project.exe not found or not built by the last incremental link; performing full link
         iGraphics Project.vcxproj -> D:\de escape\iGraphics Project\Debug\iGraphics Project.exe
       Manifest:
         C:\Program Files (x86)\Microsoft SDKs\Windows\v7.0A\bin\mt.exe /nologo /verbose /outputresource:"D:\de escape\iGraphics Project\Debug\iGraphics Project.exe;#1" /manifest "Debug\iGraphics Project.exe.intermediate.manifest"
       FinalizeBuildStatus:
         Deleting file "Debug\iGraphics Project.unsuccessfulbuild".
         Touching "Debug\iGraphics Project.lastbuildstate".
     1>Done Building Project "D:\de escape\iGraphics Project\iGraphics Project\iGraphics Project.vcxproj" (build target(s)).

Build succeeded.

Time Elapsed 00:00:04.13
